<?xml version="1.0" encoding="UTF-8"?>
<testng-results ignored="0" total="1" passed="1" failed="0" skipped="0">
  <reporter-output>
  </reporter-output>
  <suite started-at="2021-03-05T18:31:47 IST" name="Default suite" finished-at="2021-03-05T18:32:31 IST" duration-ms="44279">
    <groups>
    </groups>
    <test started-at="2021-03-05T18:31:47 IST" name="Default test" finished-at="2021-03-05T18:32:31 IST" duration-ms="44279">
      <class name="com.automationpractice.conga.Scenario1">
        <test-method is-config="true" signature="launchBrowser()[pri:0, instance:com.automationpractice.conga.Scenario1@2892dae4]" started-at="2021-03-05T18:31:47 IST" name="launchBrowser" finished-at="2021-03-05T18:32:09 IST" duration-ms="21549" status="PASS">
          <reporter-output>
          </reporter-output>
        </test-method> <!-- launchBrowser -->
        <test-method signature="shopping()[pri:0, instance:com.automationpractice.conga.Scenario1@2892dae4]" started-at="2021-03-05T18:32:09 IST" name="shopping" finished-at="2021-03-05T18:32:31 IST" duration-ms="22253" status="PASS">
          <reporter-output>
          </reporter-output>
        </test-method> <!-- shopping -->
        <test-method is-config="true" signature="closeBrowser()[pri:0, instance:com.automationpractice.conga.Scenario1@2892dae4]" started-at="2021-03-05T18:32:31 IST" name="closeBrowser" finished-at="2021-03-05T18:32:31 IST" duration-ms="420" status="PASS">
          <reporter-output>
          </reporter-output>
        </test-method> <!-- closeBrowser -->
      </class> <!-- com.automationpractice.conga.Scenario1 -->
    </test> <!-- Default test -->
  </suite> <!-- Default suite -->
</testng-results>
